#At time x process y state arr w total z remain y wait k
At time 1 process 1 started, arrival time 1 total 12 remain 12 wait 0
At time 3 process 1 stopped arr 1 total 12 remain 10 wait 0
At time 3 process 1 resumed arr 1 total 12 remain 10 wait 00
At time 5 process 1 stopped arr 1 total 12 remain 8 wait 0
At time 5 process 2 started, arrival time 2 total 8 remain 8 wait 3
At time 7 process 2 stopped arr 2 total 8 remain 6 wait 3
At time 7 process 1 resumed arr 1 total 12 remain 08 wait 02
At time 9 process 1 stopped arr 1 total 12 remain 6 wait 2
At time 9 process 2 resumed arr 2 total 8 remain 06 wait 05
At time 11 process 2 stopped arr 2 total 8 remain 4 wait 5
At time 11 process 1 resumed arr 1 total 12 remain 06 wait 04
At time 13 process 1 stopped arr 1 total 12 remain 4 wait 4
At time 13 process 2 resumed arr 2 total 8 remain 04 wait 07
At time 15 process 2 stopped arr 2 total 8 remain 2 wait 7
At time 15 process 1 resumed arr 1 total 12 remain 04 wait 06
At time 17 process 1 stopped arr 1 total 12 remain 2 wait 6
At time 17 process 3 started, arrival time 12 total 9 remain 9 wait 5
At time 19 process 3 stopped arr 12 total 9 remain 7 wait 5
At time 19 process 2 resumed arr 2 total 8 remain 02 wait 11
At time 21 process 2 finished, arrived 2 total 8 remain 0 wait 11 TA 19 WTA 2.38
At time 21 process 1 resumed arr 1 total 12 remain 02 wait 10
At time 23 process 1 finished, arrived 1 total 12 remain 0 wait 10 TA 22 WTA 1.83
At time 23 process 4 started, arrival time 16 total 5 remain 5 wait 7
At time 25 process 4 stopped arr 16 total 5 remain 3 wait 7
At time 25 process 3 resumed arr 12 total 9 remain 07 wait 11
At time 27 process 3 stopped arr 12 total 9 remain 5 wait 11
At time 27 process 5 started, arrival time 18 total 8 remain 8 wait 9
At time 29 process 5 stopped arr 18 total 8 remain 6 wait 9
At time 29 process 6 started, arrival time 22 total 10 remain 10 wait 7
At time 31 process 6 stopped arr 22 total 10 remain 8 wait 7
At time 31 process 4 resumed arr 16 total 5 remain 03 wait 13
At time 33 process 4 stopped arr 16 total 5 remain 1 wait 13
At time 33 process 7 started, arrival time 24 total 6 remain 6 wait 9
At time 35 process 7 stopped arr 24 total 6 remain 4 wait 9
At time 35 process 3 resumed arr 12 total 9 remain 05 wait 19
At time 37 process 3 stopped arr 12 total 9 remain 3 wait 19
At time 37 process 8 started, arrival time 26 total 3 remain 3 wait 11
At time 39 process 8 stopped arr 26 total 3 remain 1 wait 11
At time 39 process 5 resumed arr 18 total 8 remain 06 wait 19
At time 41 process 5 stopped arr 18 total 8 remain 4 wait 19
At time 41 process 6 resumed arr 22 total 10 remain 08 wait 17
At time 43 process 6 stopped arr 22 total 10 remain 6 wait 17
At time 43 process 4 resumed arr 16 total 5 remain 01 wait 23
At time 44 process 4 finished, arrived 16 total 5 remain 0 wait 23 TA 28 WTA 5.60
At time 44 process 7 resumed arr 24 total 6 remain 04 wait 18
At time 46 process 7 stopped arr 24 total 6 remain 2 wait 18
At time 46 process 3 resumed arr 12 total 9 remain 03 wait 28
At time 48 process 3 stopped arr 12 total 9 remain 1 wait 28
At time 48 process 8 resumed arr 26 total 3 remain 01 wait 20
At time 49 process 8 finished, arrived 26 total 3 remain 0 wait 20 TA 23 WTA 7.67
At time 49 process 5 resumed arr 18 total 8 remain 04 wait 27
At time 51 process 5 stopped arr 18 total 8 remain 2 wait 27
At time 51 process 6 resumed arr 22 total 10 remain 06 wait 25
At time 53 process 6 stopped arr 22 total 10 remain 4 wait 25
At time 53 process 7 resumed arr 24 total 6 remain 02 wait 25
At time 55 process 7 finished, arrived 24 total 6 remain 0 wait 25 TA 31 WTA 5.17
At time 55 process 3 resumed arr 12 total 9 remain 01 wait 35
At time 56 process 3 finished, arrived 12 total 9 remain 0 wait 35 TA 44 WTA 4.89
At time 56 process 5 resumed arr 18 total 8 remain 02 wait 32
At time 58 process 5 finished, arrived 18 total 8 remain 0 wait 32 TA 40 WTA 5.00
At time 58 process 6 resumed arr 22 total 10 remain 04 wait 30
At time 60 process 6 stopped arr 22 total 10 remain 2 wait 30
At time 60 process 6 resumed arr 22 total 10 remain 02 wait 30
At time 62 process 6 finished, arrived 22 total 10 remain 0 wait 30 TA 40 WTA 4.00
